<?xml version="1.0" encoding="UTF-8" ?>
<testsuites>

  <testsuite name="Player #resume" errors="0" tests="1" failures="0" time="0.01" timestamp="2013-04-04T17:55:40.333Z">
    
      <testcase assertions="1" classname="Player #resume" name="should throw an exception if song is already playing" time="0.01">
        
      </testcase>
    
  </testsuite>

</testsuites>