<?xml version="1.0" encoding="UTF-8" ?>
<testsuites>

  <testsuite name="Player" errors="0" tests="2" failures="0" time="0.07" timestamp="2013-04-04T17:55:40.348Z">
    
      <testcase assertions="2" classname="Player" name="should be able to play a Song" time="0.004">
        
      </testcase>
    
      <testcase assertions="1" classname="Player" name="tells the current song if the user has made it a favorite" time="0.008">
        
      </testcase>
    
  </testsuite>

</testsuites>